# JRE version: Java(TM) SE Runtime Environment (9.0+11) (build 9.0.4+11)
# Java VM: Java HotSpot(TM) 64-Bit Server VM (9.0.4+11, mixed mode, tiered, compressed oops, g1 gc, windows-amd64)
Heap:
 garbage-first heap   total 227328K, used 139344K [0x0000000700000000, 0x00000007001006f0, 0x00000007c0000000)
  region size 1024K, 39 young (39936K), 2 survivors (2048K)
 Metaspace       used 91677K, capacity 97833K, committed 98076K, reserved 1132544K
  class space    used 13207K, capacity 14258K, committed 14364K, reserved 1048576K
GC Heap History (10 events):
Event: 2510.641 GC heap before
{Heap before GC invocations=227 (full 9):
 garbage-first heap   total 227328K, used 161369K [0x0000000700000000, 0x00000007001006f0, 0x00000007c0000000)
  region size 1024K, 60 young (61440K), 2 survivors (2048K)
 Metaspace       used 91628K, capacity 97769K, committed 98076K, reserved 1132544K
  class space    used 13207K, capacity 14258K, committed 14364K, reserved 1048576K
}
Event: 2510.647 GC heap after
{Heap after GC invocations=228 (full 9):
 garbage-first heap   total 227328K, used 101725K [0x0000000700000000, 0x00000007001006f0, 0x00000007c0000000)
  region size 1024K, 2 young (2048K), 2 survivors (2048K)
 Metaspace       used 91628K, capacity 97769K, committed 98076K, reserved 1132544K
  class space    used 13207K, capacity 14258K, committed 14364K, reserved 1048576K
}
Event: 2511.067 GC heap before
{Heap before GC invocations=228 (full 9):
 garbage-first heap   total 227328K, used 161117K [0x0000000700000000, 0x00000007001006f0, 0x00000007c0000000)
  region size 1024K, 60 young (61440K), 2 survivors (2048K)
 Metaspace       used 91630K, capacity 97769K, committed 98076K, reserved 1132544K
  class space    used 13207K, capacity 14258K, committed 14364K, reserved 1048576K
}
Event: 2511.073 GC heap after
{Heap after GC invocations=229 (full 9):
 garbage-first heap   total 227328K, used 101898K [0x0000000700000000, 0x00000007001006f0, 0x00000007c0000000)
  region size 1024K, 2 young (2048K), 2 survivors (2048K)
 Metaspace       used 91630K, capacity 97769K, committed 98076K, reserved 1132544K
  class space    used 13207K, capacity 14258K, committed 14364K, reserved 1048576K
}
Event: 2511.629 GC heap before
{Heap before GC invocations=229 (full 9):
 garbage-first heap   total 227328K, used 161290K [0x0000000700000000, 0x00000007001006f0, 0x00000007c0000000)
  region size 1024K, 60 young (61440K), 2 survivors (2048K)
 Metaspace       used 91631K, capacity 97769K, committed 98076K, reserved 1132544K
  class space    used 13207K, capacity 14258K, committed 14364K, reserved 1048576K
}
Event: 2511.636 GC heap after
{Heap after GC invocations=230 (full 9):
 garbage-first heap   total 227328K, used 101814K [0x0000000700000000, 0x00000007001006f0, 0x00000007c0000000)
  region size 1024K, 2 young (2048K), 2 survivors (2048K)
 Metaspace       used 91631K, capacity 97769K, committed 98076K, reserved 1132544K
  class space    used 13207K, capacity 14258K, committed 14364K, reserved 1048576K
}
Event: 2512.322 GC heap before
{Heap before GC invocations=230 (full 9):
 garbage-first heap   total 227328K, used 161206K [0x0000000700000000, 0x00000007001006f0, 0x00000007c0000000)
  region size 1024K, 60 young (61440K), 2 survivors (2048K)
 Metaspace       used 91631K, capacity 97769K, committed 98076K, reserved 1132544K
  class space    used 13207K, capacity 14258K, committed 14364K, reserved 1048576K
}
Event: 2512.331 GC heap after
{Heap after GC invocations=231 (full 9):
 garbage-first heap   total 227328K, used 101999K [0x0000000700000000, 0x00000007001006f0, 0x00000007c0000000)
  region size 1024K, 2 young (2048K), 2 survivors (2048K)
 Metaspace       used 91631K, capacity 97769K, committed 98076K, reserved 1132544K
  class space    used 13207K, capacity 14258K, committed 14364K, reserved 1048576K
}
Event: 2514.429 GC heap before
{Heap before GC invocations=231 (full 9):
 garbage-first heap   total 227328K, used 161391K [0x0000000700000000, 0x00000007001006f0, 0x00000007c0000000)
  region size 1024K, 60 young (61440K), 2 survivors (2048K)
 Metaspace       used 91645K, capacity 97769K, committed 98076K, reserved 1132544K
  class space    used 13207K, capacity 14258K, committed 14364K, reserved 1048576K
}
Event: 2514.437 GC heap after
{Heap after GC invocations=232 (full 9):
 garbage-first heap   total 227328K, used 102480K [0x0000000700000000, 0x00000007001006f0, 0x00000007c0000000)
  region size 1024K, 2 young (2048K), 2 survivors (2048K)
 Metaspace       used 91645K, capacity 97769K, committed 98076K, reserved 1132544K
  class space    used 13207K, capacity 14258K, committed 14364K, reserved 1048576K
}

